[2024-04-29 06:58:10] local.ERROR: exception 'BadMethodCallException' with message 'Method prefix does not exist.' in D:\phpstudy_pro\WWW\laravel1\bootstrap\cache\compiled.php:5617
Stack trace:
#0 D:\phpstudy_pro\WWW\laravel1\bootstrap\cache\compiled.php(5571): Illuminate\Routing\Router->__call('prefix', Array)
#1 D:\phpstudy_pro\WWW\laravel1\bootstrap\cache\compiled.php(5571): Illuminate\Routing\Router->prefix(Array, Object(Closure))
#2 D:\phpstudy_pro\WWW\laravel1\app\Services\Routes.php(74): Illuminate\Support\Facades\Facade::__callStatic('prefix', Array)
#3 D:\phpstudy_pro\WWW\laravel1\app\Services\Routes.php(74): Illuminate\Support\Facades\Route::prefix(Array, Object(Closure))
#4 D:\phpstudy_pro\WWW\laravel1\app\Http\routes.php(6): App\Services\Routes->admin()
#5 D:\phpstudy_pro\WWW\laravel1\app\Providers\RouteServiceProvider.php(41): require('D:\\phpstudy_pro...')
#6 [internal function]: App\Providers\RouteServiceProvider->App\Providers\{closure}(Object(Illuminate\Routing\Router))
#7 D:\phpstudy_pro\WWW\laravel1\bootstrap\cache\compiled.php(7194): call_user_func(Object(Closure), Object(Illuminate\Routing\Router))
#8 D:\phpstudy_pro\WWW\laravel1\app\Providers\RouteServiceProvider.php(42): Illuminate\Routing\Router->group(Array, Object(Closure))
#9 [internal function]: App\Providers\RouteServiceProvider->map(Object(Illuminate\Routing\Router))
#10 D:\phpstudy_pro\WWW\laravel1\bootstrap\cache\compiled.php(955): call_user_func_array(Array, Array)
#11 D:\phpstudy_pro\WWW\laravel1\bootstrap\cache\compiled.php(5119): Illuminate\Container\Container->call(Array)
#12 D:\phpstudy_pro\WWW\laravel1\bootstrap\cache\compiled.php(5101): Illuminate\Foundation\Support\Providers\RouteServiceProvider->loadRoutes()
#13 D:\phpstudy_pro\WWW\laravel1\app\Providers\RouteServiceProvider.php(29): Illuminate\Foundation\Support\Providers\RouteServiceProvider->boot(Object(Illuminate\Routing\Router))
#14 [internal function]: App\Providers\RouteServiceProvider->boot(Object(Illuminate\Routing\Router))
#15 D:\phpstudy_pro\WWW\laravel1\bootstrap\cache\compiled.php(955): call_user_func_array(Array, Array)
#16 D:\phpstudy_pro\WWW\laravel1\bootstrap\cache\compiled.php(1561): Illuminate\Container\Container->call(Array)
#17 D:\phpstudy_pro\WWW\laravel1\bootstrap\cache\compiled.php(1553): Illuminate\Foundation\Application->bootProvider(Object(App\Providers\RouteServiceProvider))
#18 [internal function]: Illuminate\Foundation\Application->Illuminate\Foundation\{closure}(Object(App\Providers\RouteServiceProvider), 16)
#19 D:\phpstudy_pro\WWW\laravel1\bootstrap\cache\compiled.php(1554): array_walk(Array, Object(Closure))
#20 D:\phpstudy_pro\WWW\laravel1\bootstrap\cache\compiled.php(1884): Illuminate\Foundation\Application->boot()
#21 D:\phpstudy_pro\WWW\laravel1\bootstrap\cache\compiled.php(1349): Illuminate\Foundation\Bootstrap\BootProviders->bootstrap(Object(Illuminate\Foundation\Application))
#22 D:\phpstudy_pro\WWW\laravel1\bootstrap\cache\compiled.php(2043): Illuminate\Foundation\Application->bootstrapWith(Array)
#23 D:\phpstudy_pro\WWW\laravel1\bootstrap\cache\compiled.php(1995): Illuminate\Foundation\Http\Kernel->bootstrap()
#24 D:\phpstudy_pro\WWW\laravel1\bootstrap\cache\compiled.php(1983): Illuminate\Foundation\Http\Kernel->sendRequestThroughRouter(Object(Illuminate\Http\Request))
#25 D:\phpstudy_pro\WWW\laravel1\public\index.php(54): Illuminate\Foundation\Http\Kernel->handle(Object(Illuminate\Http\Request))
#26 {main}  
